D:\LIVDET\SPARSE\BUILD\CMAKEFILES\GENERATE.STAMP
D:\LIVDET\SPARSE\BUILD\DEBUG\SPARSEFAKEFINGERVERIFY.PDB
D:\livdet\sparse\build\SparseFakeFingerVerify.dir\Debug\cl.command.1.tlog
D:\livdet\sparse\build\SparseFakeFingerVerify.dir\Debug\CL.read.1.tlog
D:\livdet\sparse\build\SparseFakeFingerVerify.dir\Debug\CL.write.1.tlog
D:\livdet\sparse\build\SparseFakeFingerVerify.dir\Debug\custombuild.command.1.tlog
D:\livdet\sparse\build\SparseFakeFingerVerify.dir\Debug\custombuild.read.1.tlog
D:\livdet\sparse\build\SparseFakeFingerVerify.dir\Debug\custombuild.write.1.tlog
D:\LIVDET\SPARSE\BUILD\SPARSEFAKEFINGERVERIFY.DIR\DEBUG\FEATUREEXTRACT.OBJ
D:\livdet\sparse\build\SparseFakeFingerVerify.dir\Debug\link.10592.read.1.tlog
D:\livdet\sparse\build\SparseFakeFingerVerify.dir\Debug\link.10592.write.1.tlog
D:\livdet\sparse\build\SparseFakeFingerVerify.dir\Debug\link.10592-cvtres.read.1.tlog
D:\livdet\sparse\build\SparseFakeFingerVerify.dir\Debug\link.10592-cvtres.write.1.tlog
D:\livdet\sparse\build\SparseFakeFingerVerify.dir\Debug\link.11052.read.1.tlog
D:\livdet\sparse\build\SparseFakeFingerVerify.dir\Debug\link.11052.write.1.tlog
D:\livdet\sparse\build\SparseFakeFingerVerify.dir\Debug\link.11052-cvtres.read.1.tlog
D:\livdet\sparse\build\SparseFakeFingerVerify.dir\Debug\link.11052-cvtres.write.1.tlog
D:\livdet\sparse\build\SparseFakeFingerVerify.dir\Debug\link.11368.read.1.tlog
D:\livdet\sparse\build\SparseFakeFingerVerify.dir\Debug\link.11368.write.1.tlog
D:\livdet\sparse\build\SparseFakeFingerVerify.dir\Debug\link.11368-cvtres.read.1.tlog
D:\livdet\sparse\build\SparseFakeFingerVerify.dir\Debug\link.11368-cvtres.write.1.tlog
D:\livdet\sparse\build\SparseFakeFingerVerify.dir\Debug\link.11480.read.1.tlog
D:\livdet\sparse\build\SparseFakeFingerVerify.dir\Debug\link.11480.write.1.tlog
D:\livdet\sparse\build\SparseFakeFingerVerify.dir\Debug\link.11480-cvtres.read.1.tlog
D:\livdet\sparse\build\SparseFakeFingerVerify.dir\Debug\link.11480-cvtres.write.1.tlog
D:\livdet\sparse\build\SparseFakeFingerVerify.dir\Debug\link.2252.read.1.tlog
D:\livdet\sparse\build\SparseFakeFingerVerify.dir\Debug\link.2252.write.1.tlog
D:\livdet\sparse\build\SparseFakeFingerVerify.dir\Debug\link.2252-cvtres.read.1.tlog
D:\livdet\sparse\build\SparseFakeFingerVerify.dir\Debug\link.2252-cvtres.write.1.tlog
D:\livdet\sparse\build\SparseFakeFingerVerify.dir\Debug\link.7616.read.1.tlog
D:\livdet\sparse\build\SparseFakeFingerVerify.dir\Debug\link.7616.write.1.tlog
D:\livdet\sparse\build\SparseFakeFingerVerify.dir\Debug\link.7616-cvtres.read.1.tlog
D:\livdet\sparse\build\SparseFakeFingerVerify.dir\Debug\link.7616-cvtres.write.1.tlog
D:\livdet\sparse\build\SparseFakeFingerVerify.dir\Debug\link.7884.read.1.tlog
D:\livdet\sparse\build\SparseFakeFingerVerify.dir\Debug\link.7884.write.1.tlog
D:\livdet\sparse\build\SparseFakeFingerVerify.dir\Debug\link.7884-cvtres.read.1.tlog
D:\livdet\sparse\build\SparseFakeFingerVerify.dir\Debug\link.7884-cvtres.write.1.tlog
D:\livdet\sparse\build\SparseFakeFingerVerify.dir\Debug\link.8168.read.1.tlog
D:\livdet\sparse\build\SparseFakeFingerVerify.dir\Debug\link.8168.write.1.tlog
D:\livdet\sparse\build\SparseFakeFingerVerify.dir\Debug\link.8168-cvtres.read.1.tlog
D:\livdet\sparse\build\SparseFakeFingerVerify.dir\Debug\link.8168-cvtres.write.1.tlog
D:\livdet\sparse\build\SparseFakeFingerVerify.dir\Debug\link.8608.read.1.tlog
D:\livdet\sparse\build\SparseFakeFingerVerify.dir\Debug\link.8608.write.1.tlog
D:\livdet\sparse\build\SparseFakeFingerVerify.dir\Debug\link.8608-cvtres.read.1.tlog
D:\livdet\sparse\build\SparseFakeFingerVerify.dir\Debug\link.8608-cvtres.write.1.tlog
D:\livdet\sparse\build\SparseFakeFingerVerify.dir\Debug\link.command.1.tlog
D:\livdet\sparse\build\SparseFakeFingerVerify.dir\Debug\link.read.1.tlog
D:\livdet\sparse\build\SparseFakeFingerVerify.dir\Debug\link.write.1.tlog
D:\livdet\sparse\build\SparseFakeFingerVerify.dir\Debug\link-cvtres.read.1.tlog
D:\livdet\sparse\build\SparseFakeFingerVerify.dir\Debug\link-cvtres.write.1.tlog
D:\LIVDET\SPARSE\BUILD\SPARSEFAKEFINGERVERIFY.DIR\DEBUG\MAIN.OBJ
D:\livdet\sparse\build\SparseFakeFingerVerify.dir\Debug\mt.command.1.tlog
D:\livdet\sparse\build\SparseFakeFingerVerify.dir\Debug\mt.read.1.tlog
D:\livdet\sparse\build\SparseFakeFingerVerify.dir\Debug\mt.write.1.tlog
D:\livdet\sparse\build\SparseFakeFingerVerify.dir\Debug\rc.command.1.tlog
D:\livdet\sparse\build\SparseFakeFingerVerify.dir\Debug\rc.read.1.tlog
D:\livdet\sparse\build\SparseFakeFingerVerify.dir\Debug\rc.write.1.tlog
D:\LIVDET\SPARSE\BUILD\SPARSEFAKEFINGERVERIFY.DIR\DEBUG\SPARSEFAKEFINGERVERIFY.EXE.EMBED.MANIFEST
D:\LIVDET\SPARSE\BUILD\SPARSEFAKEFINGERVERIFY.DIR\DEBUG\SPARSEFAKEFINGERVERIFY.EXE.EMBED.MANIFEST.RES
D:\livdet\sparse\build\SparseFakeFingerVerify.dir\Debug\SparseFakeFingerVerify.exe.intermediate.manifest
D:\livdet\sparse\build\SparseFakeFingerVerify.dir\Debug\SparseFakeFingerVerify.write.1.tlog
D:\livdet\sparse\build\SparseFakeFingerVerify.dir\Debug\SparseFakeFingerVerify_manifest.rc
D:\LIVDET\SPARSE\BUILD\SPARSEFAKEFINGERVERIFY.DIR\DEBUG\THIN.OBJ
